<?xml version="1.0" encoding="UTF-8"?>
<!-- Generated by org.testng.reporters.JUnitXMLReporter -->
<testsuite ignored="4" hostname="Smruti" failures="1" tests="2" name="Test(failed)" time="0.123" errors="0" timestamp="2022-08-11T14:50:57 IST">
  <testcase classname="ajinkyatestng.NewTest5699" name="e" time="0.015"/>
  <testcase classname="ajinkyatestng.NewTest23" name="a" time="0.008">
    <failure type="java.lang.AssertionError" message="null">
      <![CDATA[java.lang.AssertionError: null
at ajinkyatestng.NewTest23.a(NewTest23.java:13)
at java.base/java.util.ArrayList.forEach(ArrayList.java:1541)
... Removed 29 stack frames]]>
    </failure>
  </testcase> <!-- a -->
  <testcase classname="ajinkyatestng.NewTest5699" name="f" time="0.0">
    <ignored/>
  </testcase> <!-- f -->
  <testcase classname="ajinkyatestng.NewTest23" name="c" time="0.0">
    <ignored/>
  </testcase> <!-- c -->
  <testcase classname="ajinkyatestng.NewTest5699" name="d" time="0.0">
    <ignored/>
  </testcase> <!-- d -->
  <testcase classname="ajinkyatestng.NewTest23" name="b" time="0.0">
    <ignored/>
  </testcase> <!-- b -->
</testsuite> <!-- Test(failed) -->
